Parameters
function="CMA1"
ID.colname="id"
event.date.colname="fecha_pres"
event.duration.colname="posologia"
event.daily.dose.colname=""
medication.class.colname=""
followup.window.start.type=""
followup.window.start=""
followup.window.start.unit=""
followup.window.duration.type=""
followup.window.duration=""
followup.window.duration.unit=""
observation.window.start.type=""
observation.window.start="100"
observation.window.start.unit=""
observation.window.duration.type=""
observation.window.duration="365"
observation.window.duration.unit=""
date.format=""
event.interval.colname=""
gap.days.colname=""
force.NA.CMA.for.failed.patients="TRUE"
parallel.backend=""
parallel.threads=""
suppress.warnings=""
NA.SYMBOL.NUMERIC="."
NA.SYMBOL.STRING=""
LOGICAL.SYMBOL.TRUE="1"
LOGICAL.SYMBOL.FALSE="0"
COLNAMES.DOT.SYMBOL="_"
COLNAMES.START.DOT="internal_"
end_parameters
