Parameters
function="CMA1"
ID.colname="id"
event.date.colname="fecha_pres"
event.duration.colname="posologia"
event.daily.dose.colname="diascub"
medication.class.colname="atc"
followup.window.start.type=""
followup.window.start=""
followup.window.start.unit=""
followup.window.duration.type=""
followup.window.duration=""
followup.window.duration.unit=""
observation.window.start.type=""
observation.window.start=""
observation.window.start.unit=""
observation.window.duration.type=""
observation.window.duration=""
observation.window.duration.unit=""
date.format=""
event.interval.colname=""
gap.days.colname=""
force.NA.CMA.for.failed.patients=""
parallel.backend=""
parallel.threads=""
suppress.warnings=""
plot.show="TRUE"
plot.save.to=""
plot.save.as="tiff"
plot.width="10"
plot.height="20"
plot.patients.to.plot="1;2 ; 5; 10"
NA.SYMBOL.NUMERIC="."
NA.SYMBOL.STRING=""
LOGICAL.SYMBOL.TRUE="1"
LOGICAL.SYMBOL.FALSE="0"
COLNAMES.DOT.SYMBOL="_"
COLNAMES.START.DOT="internal_"
end_parameters
